This is pdfTeX, Version 3.1415926-2.5-1.40.14 (TeX Live 2013) (format=pdflatex 2014.3.29)  28 MAR 2015 19:24
entering extended mode
 restricted \write18 enabled.
 %&-line parsing enabled.
**paper.tex
(./paper.tex
LaTeX2e <2011/06/27>
Babel <3.9f> and hyphenation patterns for 78 languages loaded.
(/usr/local/texlive/2013/texmf-dist/tex/latex/base/article.cls
Document Class: article 2007/10/19 v1.4h Standard LaTeX document class
(/usr/local/texlive/2013/texmf-dist/tex/latex/base/size10.clo
File: size10.clo 2007/10/19 v1.4h Standard LaTeX file (size option)
)
\c@part=\count79
\c@section=\count80
\c@subsection=\count81
\c@subsubsection=\count82
\c@paragraph=\count83
\c@subparagraph=\count84
\c@figure=\count85
\c@table=\count86
\abovecaptionskip=\skip41
\belowcaptionskip=\skip42
\bibindent=\dimen102
)
(/usr/local/texlive/2013/texmf-dist/tex/latex/tools/multicol.sty
Package: multicol 2011/06/27 v1.7a multicolumn formatting (FMi)
\c@tracingmulticols=\count87
\mult@box=\box26
\multicol@leftmargin=\dimen103
\c@unbalance=\count88
\c@collectmore=\count89
\doublecol@number=\count90
\multicoltolerance=\count91
\multicolpretolerance=\count92
\full@width=\dimen104
\page@free=\dimen105
\premulticols=\dimen106
\postmulticols=\dimen107
\multicolsep=\skip43
\multicolbaselineskip=\skip44
\partial@page=\box27
\last@line=\box28
\mult@rightbox=\box29
\mult@grightbox=\box30
\mult@gfirstbox=\box31
\mult@firstbox=\box32
\@tempa=\box33
\@tempa=\box34
\@tempa=\box35
\@tempa=\box36
\@tempa=\box37
\@tempa=\box38
\@tempa=\box39
\@tempa=\box40
\@tempa=\box41
\@tempa=\box42
\@tempa=\box43
\@tempa=\box44
\@tempa=\box45
\@tempa=\box46
\@tempa=\box47
\@tempa=\box48
\@tempa=\box49
\c@columnbadness=\count93
\c@finalcolumnbadness=\count94
\last@try=\dimen108
\multicolovershoot=\dimen109
\multicolundershoot=\dimen110
\mult@nat@firstbox=\box50
\colbreak@box=\box51
\multicol@sort@counter=\count95
)
(/usr/local/texlive/2013/texmf-dist/tex/latex/graphics/graphicx.sty
Package: graphicx 1999/02/16 v1.0f Enhanced LaTeX Graphics (DPC,SPQR)

(/usr/local/texlive/2013/texmf-dist/tex/latex/graphics/keyval.sty
Package: keyval 1999/03/16 v1.13 key=value parser (DPC)
\KV@toks@=\toks14
)
(/usr/local/texlive/2013/texmf-dist/tex/latex/graphics/graphics.sty
Package: graphics 2009/02/05 v1.0o Standard LaTeX Graphics (DPC,SPQR)

(/usr/local/texlive/2013/texmf-dist/tex/latex/graphics/trig.sty
Package: trig 1999/03/16 v1.09 sin cos tan (DPC)
)
(/usr/local/texlive/2013/texmf-dist/tex/latex/latexconfig/graphics.cfg
File: graphics.cfg 2010/04/23 v1.9 graphics configuration of TeX Live
)
Package graphics Info: Driver file: pdftex.def on input line 91.

(/usr/local/texlive/2013/texmf-dist/tex/latex/pdftex-def/pdftex.def
File: pdftex.def 2011/05/27 v0.06d Graphics/color for pdfTeX

(/usr/local/texlive/2013/texmf-dist/tex/generic/oberdiek/infwarerr.sty
Package: infwarerr 2010/04/08 v1.3 Providing info/warning/error messages (HO)
)
(/usr/local/texlive/2013/texmf-dist/tex/generic/oberdiek/ltxcmds.sty
Package: ltxcmds 2011/11/09 v1.22 LaTeX kernel commands for general use (HO)
)
\Gread@gobject=\count96
))
\Gin@req@height=\dimen111
\Gin@req@width=\dimen112
)
(/usr/local/texlive/2013/texmf-dist/tex/latex/amsmath/amsmath.sty
Package: amsmath 2013/01/14 v2.14 AMS math features
\@mathmargin=\skip45

For additional information on amsmath, use the `?' option.
(/usr/local/texlive/2013/texmf-dist/tex/latex/amsmath/amstext.sty
Package: amstext 2000/06/29 v2.01

(/usr/local/texlive/2013/texmf-dist/tex/latex/amsmath/amsgen.sty
File: amsgen.sty 1999/11/30 v2.0
\@emptytoks=\toks15
\ex@=\dimen113
))
(/usr/local/texlive/2013/texmf-dist/tex/latex/amsmath/amsbsy.sty
Package: amsbsy 1999/11/29 v1.2d
\pmbraise@=\dimen114
)
(/usr/local/texlive/2013/texmf-dist/tex/latex/amsmath/amsopn.sty
Package: amsopn 1999/12/14 v2.01 operator names
)
\inf@bad=\count97
LaTeX Info: Redefining \frac on input line 210.
\uproot@=\count98
\leftroot@=\count99
LaTeX Info: Redefining \overline on input line 306.
\classnum@=\count100
\DOTSCASE@=\count101
LaTeX Info: Redefining \ldots on input line 378.
LaTeX Info: Redefining \dots on input line 381.
LaTeX Info: Redefining \cdots on input line 466.
\Mathstrutbox@=\box52
\strutbox@=\box53
\big@size=\dimen115
LaTeX Font Info:    Redeclaring font encoding OML on input line 566.
LaTeX Font Info:    Redeclaring font encoding OMS on input line 567.
\macc@depth=\count102
\c@MaxMatrixCols=\count103
\dotsspace@=\muskip10
\c@parentequation=\count104
\dspbrk@lvl=\count105
\tag@help=\toks16
\row@=\count106
\column@=\count107
\maxfields@=\count108
\andhelp@=\toks17
\eqnshift@=\dimen116
\alignsep@=\dimen117
\tagshift@=\dimen118
\tagwidth@=\dimen119
\totwidth@=\dimen120
\lineht@=\dimen121
\@envbody=\toks18
\multlinegap=\skip46
\multlinetaggap=\skip47
\mathdisplay@stack=\toks19
LaTeX Info: Redefining \[ on input line 2665.
LaTeX Info: Redefining \] on input line 2666.
)
(/usr/local/texlive/2013/texmf-dist/tex/latex/listings/listings.sty
\lst@mode=\count109
\lst@gtempboxa=\box54
\lst@token=\toks20
\lst@length=\count110
\lst@currlwidth=\dimen122
\lst@column=\count111
\lst@pos=\count112
\lst@lostspace=\dimen123
\lst@width=\dimen124
\lst@newlines=\count113
\lst@lineno=\count114
\lst@maxwidth=\dimen125

(/usr/local/texlive/2013/texmf-dist/tex/latex/listings/lstmisc.sty
File: lstmisc.sty 2007/02/22 1.4 (Carsten Heinz)
\c@lstnumber=\count115
\lst@skipnumbers=\count116
\lst@framebox=\box55
)
(/usr/local/texlive/2013/texmf-dist/tex/latex/listings/listings.cfg
File: listings.cfg 2007/02/22 1.4 listings configuration
))
Package: listings 2007/02/22 1.4 (Carsten Heinz)

(/usr/local/texlive/2013/texmf-dist/tex/latex/hyperref/hyperref.sty
Package: hyperref 2012/11/06 v6.83m Hypertext links for LaTeX

(/usr/local/texlive/2013/texmf-dist/tex/generic/oberdiek/hobsub-hyperref.sty
Package: hobsub-hyperref 2012/05/28 v1.13 Bundle oberdiek, subset hyperref (HO)


(/usr/local/texlive/2013/texmf-dist/tex/generic/oberdiek/hobsub-generic.sty
Package: hobsub-generic 2012/05/28 v1.13 Bundle oberdiek, subset generic (HO)
Package: hobsub 2012/05/28 v1.13 Construct package bundles (HO)
Package hobsub Info: Skipping package `infwarerr' (already loaded).
Package hobsub Info: Skipping package `ltxcmds' (already loaded).
Package: ifluatex 2010/03/01 v1.3 Provides the ifluatex switch (HO)
Package ifluatex Info: LuaTeX not detected.
Package: ifvtex 2010/03/01 v1.5 Detect VTeX and its facilities (HO)
Package ifvtex Info: VTeX not detected.
Package: intcalc 2007/09/27 v1.1 Expandable calculations with integers (HO)
Package: ifpdf 2011/01/30 v2.3 Provides the ifpdf switch (HO)
Package ifpdf Info: pdfTeX in PDF mode is detected.
Package: etexcmds 2011/02/16 v1.5 Avoid name clashes with e-TeX commands (HO)
Package etexcmds Info: Could not find \expanded.
(etexcmds)             That can mean that you are not using pdfTeX 1.50 or
(etexcmds)             that some package has redefined \expanded.
(etexcmds)             In the latter case, load this package earlier.
Package: kvsetkeys 2012/04/25 v1.16 Key value parser (HO)
Package: kvdefinekeys 2011/04/07 v1.3 Define keys (HO)
Package: pdftexcmds 2011/11/29 v0.20 Utility functions of pdfTeX for LuaTeX (HO
)
Package pdftexcmds Info: LuaTeX not detected.
Package pdftexcmds Info: \pdf@primitive is available.
Package pdftexcmds Info: \pdf@ifprimitive is available.
Package pdftexcmds Info: \pdfdraftmode found.
Package: pdfescape 2011/11/25 v1.13 Implements pdfTeX's escape features (HO)
Package: bigintcalc 2012/04/08 v1.3 Expandable calculations on big integers (HO
)
Package: bitset 2011/01/30 v1.1 Handle bit-vector datatype (HO)
Package: uniquecounter 2011/01/30 v1.2 Provide unlimited unique counter (HO)
)
Package hobsub Info: Skipping package `hobsub' (already loaded).
Package: letltxmacro 2010/09/02 v1.4 Let assignment for LaTeX macros (HO)
Package: hopatch 2012/05/28 v1.2 Wrapper for package hooks (HO)
Package: xcolor-patch 2011/01/30 xcolor patch
Package: atveryend 2011/06/30 v1.8 Hooks at the very end of document (HO)
Package atveryend Info: \enddocument detected (standard20110627).
Package: atbegshi 2011/10/05 v1.16 At begin shipout hook (HO)
Package: refcount 2011/10/16 v3.4 Data extraction from label references (HO)
Package: hycolor 2011/01/30 v1.7 Color options for hyperref/bookmark (HO)
)
(/usr/local/texlive/2013/texmf-dist/tex/generic/ifxetex/ifxetex.sty
Package: ifxetex 2010/09/12 v0.6 Provides ifxetex conditional
)
(/usr/local/texlive/2013/texmf-dist/tex/latex/oberdiek/auxhook.sty
Package: auxhook 2011/03/04 v1.3 Hooks for auxiliary files (HO)
)
(/usr/local/texlive/2013/texmf-dist/tex/latex/oberdiek/kvoptions.sty
Package: kvoptions 2011/06/30 v3.11 Key value format for package options (HO)
)
\@linkdim=\dimen126
\Hy@linkcounter=\count117
\Hy@pagecounter=\count118

(/usr/local/texlive/2013/texmf-dist/tex/latex/hyperref/pd1enc.def
File: pd1enc.def 2012/11/06 v6.83m Hyperref: PDFDocEncoding definition (HO)
)
\Hy@SavedSpaceFactor=\count119

(/usr/local/texlive/2013/texmf-dist/tex/latex/latexconfig/hyperref.cfg
File: hyperref.cfg 2002/06/06 v1.2 hyperref configuration of TeXLive
)
Package hyperref Info: Hyper figures OFF on input line 4443.
Package hyperref Info: Link nesting OFF on input line 4448.
Package hyperref Info: Hyper index ON on input line 4451.
Package hyperref Info: Plain pages OFF on input line 4458.
Package hyperref Info: Backreferencing OFF on input line 4463.
Package hyperref Info: Implicit mode ON; LaTeX internals redefined.
Package hyperref Info: Bookmarks ON on input line 4688.
\c@Hy@tempcnt=\count120

(/usr/local/texlive/2013/texmf-dist/tex/latex/url/url.sty
\Urlmuskip=\muskip11
Package: url 2006/04/12  ver 3.3  Verb mode for urls, etc.
)
LaTeX Info: Redefining \url on input line 5041.
\XeTeXLinkMargin=\dimen127
\Fld@menulength=\count121
\Field@Width=\dimen128
\Fld@charsize=\dimen129
Package hyperref Info: Hyper figures OFF on input line 6295.
Package hyperref Info: Link nesting OFF on input line 6300.
Package hyperref Info: Hyper index ON on input line 6303.
Package hyperref Info: backreferencing OFF on input line 6310.
Package hyperref Info: Link coloring OFF on input line 6315.
Package hyperref Info: Link coloring with OCG OFF on input line 6320.
Package hyperref Info: PDF/A mode OFF on input line 6325.
LaTeX Info: Redefining \ref on input line 6365.
LaTeX Info: Redefining \pageref on input line 6369.
\Hy@abspage=\count122
\c@Item=\count123
\c@Hfootnote=\count124
)

Package hyperref Message: Driver (autodetected): hpdftex.

(/usr/local/texlive/2013/texmf-dist/tex/latex/hyperref/hpdftex.def
File: hpdftex.def 2012/11/06 v6.83m Hyperref driver for pdfTeX
\Fld@listcount=\count125
\c@bookmark@seq@number=\count126

(/usr/local/texlive/2013/texmf-dist/tex/latex/oberdiek/rerunfilecheck.sty
Package: rerunfilecheck 2011/04/15 v1.7 Rerun checks for auxiliary files (HO)
Package uniquecounter Info: New unique counter `rerunfilecheck' on input line 2
82.
)
\Hy@SectionHShift=\skip48
)
(/usr/local/texlive/2013/texmf-dist/tex/latex/graphics/color.sty
Package: color 2005/11/14 v1.0j Standard LaTeX Color (DPC)

(/usr/local/texlive/2013/texmf-dist/tex/latex/latexconfig/color.cfg
File: color.cfg 2007/01/18 v1.5 color configuration of teTeX/TeXLive
)
Package color Info: Driver file: pdftex.def on input line 130.
)
(/usr/local/texlive/2013/texmf-dist/tex/latex/appendix/appendix.sty
Package: appendix 2009/09/02 v1.2b extra appendix facilities
\c@@pps=\count127
\c@@ppsavesec=\count128
\c@@ppsaveapp=\count129
)
(/usr/local/texlive/2013/texmf-dist/tex/latex/geometry/geometry.sty
Package: geometry 2010/09/12 v5.6 Page Geometry
\Gm@cnth=\count130
\Gm@cntv=\count131
\c@Gm@tempcnt=\count132
\Gm@bindingoffset=\dimen130
\Gm@wd@mp=\dimen131
\Gm@odd@mp=\dimen132
\Gm@even@mp=\dimen133
\Gm@layoutwidth=\dimen134
\Gm@layoutheight=\dimen135
\Gm@layouthoffset=\dimen136
\Gm@layoutvoffset=\dimen137
\Gm@dimlist=\toks21
)
(/usr/local/texlive/2013/texmf-dist/tex/generic/babel/babel.sty
Package: babel 2013/05/16 v3.9f The Babel package

(/usr/local/texlive/2013/texmf-dist/tex/generic/babel-english/english.ldf
Language: english 2012/08/20 v3.3p English support from the babel system

(/usr/local/texlive/2013/texmf-dist/tex/generic/babel/babel.def
File: babel.def 2013/05/16 v3.9f Babel common definitions
\babel@savecnt=\count133
\U@D=\dimen138
)
\l@canadian = a dialect from \language\l@american 
\l@australian = a dialect from \language\l@british 
\l@newzealand = a dialect from \language\l@british 
))
(/usr/local/texlive/2013/texmf-dist/tex/latex/float/float.sty
Package: float 2001/11/08 v1.3d Float enhancements (AL)
\c@float@type=\count134
\float@exts=\toks22
\float@box=\box56
\@float@everytoks=\toks23
\@floatcapt=\box57
)
(/usr/local/texlive/2013/texmf-dist/tex/latex/mh/mathtools.sty
Package: mathtools 2013/02/12 v1.13 mathematical typesetting tools

(/usr/local/texlive/2013/texmf-dist/tex/latex/tools/calc.sty
Package: calc 2007/08/22 v4.3 Infix arithmetic (KKT,FJ)
\calc@Acount=\count135
\calc@Bcount=\count136
\calc@Adimen=\dimen139
\calc@Bdimen=\dimen140
\calc@Askip=\skip49
\calc@Bskip=\skip50
LaTeX Info: Redefining \setlength on input line 76.
LaTeX Info: Redefining \addtolength on input line 77.
\calc@Ccount=\count137
\calc@Cskip=\skip51
)
(/usr/local/texlive/2013/texmf-dist/tex/latex/mh/mhsetup.sty
Package: mhsetup 2010/01/21 v1.2a programming setup (MH)
)
LaTeX Info: Thecontrolsequence`\['isalreadyrobust on input line 129.
LaTeX Info: Thecontrolsequence`\]'isalreadyrobust on input line 129.
\g_MT_multlinerow_int=\count138
\l_MT_multwidth_dim=\dimen141
\origjot=\skip52
\l_MT_shortvdotswithinadjustabove_dim=\dimen142
\l_MT_shortvdotswithinadjustbelow_dim=\dimen143
\l_MT_above_intertext_sep=\dimen144
\l_MT_below_intertext_sep=\dimen145
\l_MT_above_shortintertext_sep=\dimen146
\l_MT_below_shortintertext_sep=\dimen147
) (./paper.aux)
\openout1 = `paper.aux'.

LaTeX Font Info:    Checking defaults for OML/cmm/m/it on input line 11.
LaTeX Font Info:    ... okay on input line 11.
LaTeX Font Info:    Checking defaults for T1/cmr/m/n on input line 11.
LaTeX Font Info:    ... okay on input line 11.
LaTeX Font Info:    Checking defaults for OT1/cmr/m/n on input line 11.
LaTeX Font Info:    ... okay on input line 11.
LaTeX Font Info:    Checking defaults for OMS/cmsy/m/n on input line 11.
LaTeX Font Info:    ... okay on input line 11.
LaTeX Font Info:    Checking defaults for OMX/cmex/m/n on input line 11.
LaTeX Font Info:    ... okay on input line 11.
LaTeX Font Info:    Checking defaults for U/cmr/m/n on input line 11.
LaTeX Font Info:    ... okay on input line 11.
LaTeX Font Info:    Checking defaults for PD1/pdf/m/n on input line 11.
LaTeX Font Info:    ... okay on input line 11.

(/usr/local/texlive/2013/texmf-dist/tex/context/base/supp-pdf.mkii
[Loading MPS to PDF converter (version 2006.09.02).]
\scratchcounter=\count139
\scratchdimen=\dimen148
\scratchbox=\box58
\nofMPsegments=\count140
\nofMParguments=\count141
\everyMPshowfont=\toks24
\MPscratchCnt=\count142
\MPscratchDim=\dimen149
\MPnumerator=\count143
\makeMPintoPDFobject=\count144
\everyMPtoPDFconversion=\toks25
) (/usr/local/texlive/2013/texmf-dist/tex/latex/oberdiek/epstopdf-base.sty
Package: epstopdf-base 2010/02/09 v2.5 Base part for package epstopdf

(/usr/local/texlive/2013/texmf-dist/tex/latex/oberdiek/grfext.sty
Package: grfext 2010/08/19 v1.1 Manage graphics extensions (HO)
)
Package grfext Info: Graphics extension search list:
(grfext)             [.png,.pdf,.jpg,.mps,.jpeg,.jbig2,.jb2,.PNG,.PDF,.JPG,.JPE
G,.JBIG2,.JB2,.eps]
(grfext)             \AppendGraphicsExtensions on input line 452.

(/usr/local/texlive/2013/texmf-dist/tex/latex/latexconfig/epstopdf-sys.cfg
File: epstopdf-sys.cfg 2010/07/13 v1.3 Configuration of (r)epstopdf for TeX Liv
e
))
\c@lstlisting=\count145
\AtBeginShipoutBox=\box59
Package hyperref Info: Link coloring OFF on input line 11.

(/usr/local/texlive/2013/texmf-dist/tex/latex/hyperref/nameref.sty
Package: nameref 2012/10/27 v2.43 Cross-referencing by name of section

(/usr/local/texlive/2013/texmf-dist/tex/generic/oberdiek/gettitlestring.sty
Package: gettitlestring 2010/12/03 v1.4 Cleanup title references (HO)
)
\c@section@level=\count146
)
LaTeX Info: Redefining \ref on input line 11.
LaTeX Info: Redefining \pageref on input line 11.
LaTeX Info: Redefining \nameref on input line 11.

(./paper.out) (./paper.out)
\@outlinefile=\write3
\openout3 = `paper.out'.


*geometry* driver: auto-detecting
*geometry* detected driver: pdftex
*geometry* verbose mode - [ preamble ] result:
* driver: pdftex
* paper: <default>
* layout: <same size as paper>
* layoutoffset:(h,v)=(0.0pt,0.0pt)
* modes: 
* h-part:(L,W,R)=(92.14519pt, 430.00462pt, 92.14519pt)
* v-part:(T,H,B)=(95.39737pt, 556.47656pt, 143.09605pt)
* \paperwidth=614.295pt
* \paperheight=794.96999pt
* \textwidth=430.00462pt
* \textheight=556.47656pt
* \oddsidemargin=19.8752pt
* \evensidemargin=19.8752pt
* \topmargin=-13.87262pt
* \headheight=12.0pt
* \headsep=25.0pt
* \topskip=10.0pt
* \footskip=30.0pt
* \marginparwidth=65.0pt
* \marginparsep=11.0pt
* \columnsep=10.0pt
* \skip\footins=9.0pt plus 4.0pt minus 2.0pt
* \hoffset=0.0pt
* \voffset=0.0pt
* \mag=1000
* \@twocolumnfalse
* \@twosidefalse
* \@mparswitchfalse
* \@reversemarginfalse
* (1in=72.27pt=25.4mm, 1cm=28.453pt)

<images/uva.jpeg, id=124, 156.585pt x 56.8524pt>
File: images/uva.jpeg Graphic file (type jpg)
 <use images/uva.jpeg>
Package pdftex.def Info: images/uva.jpeg used on input line 18.
(pdftex.def)             Requested size: 156.58461pt x 56.85225pt.
 [1

{/usr/local/texlive/2013/texmf-var/fonts/map/pdftex/updmap/pdftex.map} <./image
s/uva.jpeg>] (./paper.toc)
\tf@toc=\write4
\openout4 = `paper.toc'.

 [1] (./sections/introduction.tex) [2] (./sections/rq.tex
Underfull \hbox (badness 10000) in paragraph at lines 3--9

 []


Underfull \hbox (badness 10000) in paragraph at lines 3--9

 []

LaTeX Font Info:    Try loading font information for OMS+cmr on input line 11.
(/usr/local/texlive/2013/texmf-dist/tex/latex/base/omscmr.fd
File: omscmr.fd 1999/05/25 v2.5h Standard LaTeX font definitions
)
LaTeX Font Info:    Font shape `OMS/cmr/m/n' in size <10> not available
(Font)              Font shape `OMS/cmsy/m/n' tried instead on input line 11.
)
(./sections/scope.tex) [3] (./sections/related.tex [4]
Overfull \hbox (13.49629pt too wide) in paragraph at lines 21--23
\OT1/cmr/m/n/10 pro-cess-ing of mes-sages through use of bi-nary mes-sage frami
ng."(https://datatracker.ietf.org/doc/draft-
 []

[5] [6]) [7] (./sections/approach_and_method.tex)
(./sections/approach_and_method/measurements.tex
Underfull \hbox (badness 10000) in paragraph at lines 21--24

 []


Underfull \hbox (badness 10000) in paragraph at lines 25--30

 []

[8pdfTeX warning (ext4): destination with the same identifier (name{table.1}) h
as been already used, duplicate ignored

\AtBegShi@Output ...ipout \box \AtBeginShipoutBox 
                                                  \fi \fi 
l.34 
     ] <images/http.pdf, id=230, 181.17789pt x 234.5041pt>
File: images/http.pdf Graphic file (type pdf)

<use images/http.pdf>
Package pdftex.def Info: images/http.pdf used on input line 38.
(pdftex.def)             Requested size: 362.35486pt x 212.93289pt.
 [9pdfTeX warning (ext4): destination with the same identifier (name{figure.1})
 has been already used, duplicate ignored

\AtBegShi@Output ...ipout \box \AtBeginShipoutBox 
                                                  \fi \fi 
l.47 
      <./images/http.pdf>]) (./sections/approach_and_method/client_server.tex)
[10pdfTeX warning (ext4): destination with the same identifier (name{table.2}) 
has been already used, duplicate ignored

\AtBegShi@Output ...ipout \box \AtBeginShipoutBox 
                                                  \fi \fi 
l.43 \newpage
             pdfTeX warning (ext4): destination with the same identifier (name{
table.3}) has been already used, duplicate ignored

\AtBegShi@Output ...ipout \box \AtBeginShipoutBox 
                                                  \fi \fi 
l.43 \newpage
             ] (./sections/results.tex) (./sections/results/header.tex
<images/headertraffic.pdf, id=265, 361.35pt x 216.81pt>
File: images/headertraffic.pdf Graphic file (type pdf)

<use images/headertraffic.pdf>
Package pdftex.def Info: images/headertraffic.pdf used on input line 8.
(pdftex.def)             Requested size: 361.34912pt x 216.80946pt.
) (./sections/results/rtt.tex [11pdfTeX warning (ext4): destination with the sa
me identifier (name{figure.2}) has been already used, duplicate ignored

\AtBegShi@Output ...ipout \box \AtBeginShipoutBox 
                                                  \fi \fi 
l.9 
     <./images/headertraffic.pdf>]
<images/latency-asia.pdf, id=289, 361.35pt x 216.81pt>
File: images/latency-asia.pdf Graphic file (type pdf)

<use images/latency-asia.pdf>
Package pdftex.def Info: images/latency-asia.pdf used on input line 12.
(pdftex.def)             Requested size: 361.34912pt x 216.80946pt.

<images/reqps-asia.pdf, id=292, 361.35pt x 216.81pt>
File: images/reqps-asia.pdf Graphic file (type pdf)

<use images/reqps-asia.pdf>
Package pdftex.def Info: images/reqps-asia.pdf used on input line 21.
(pdftex.def)             Requested size: 361.34912pt x 216.80946pt.
 [12pdfTeX warning (ext4): destination with the same identifier (name{figure.3}
) has been already used, duplicate ignored

\AtBegShi@Output ...ipout \box \AtBeginShipoutBox 
                                                  \fi \fi 
l.25 
      <./images/latency-asia.pdf>]
<images/latency-na.pdf, id=312, 361.35pt x 216.81pt>
File: images/latency-na.pdf Graphic file (type pdf)

<use images/latency-na.pdf>
Package pdftex.def Info: images/latency-na.pdf used on input line 32.
(pdftex.def)             Requested size: 361.34912pt x 216.80946pt.
 [13pdfTeX warning (ext4): destination with the same identifier (name{figure.4}
) has been already used, duplicate ignored

\AtBegShi@Output ...ipout \box \AtBeginShipoutBox 
                                                  \fi \fi 
l.38 
     pdfTeX warning (ext4): destination with the same identifier (name{figure.5
}) has been already used, duplicate ignored

\AtBegShi@Output ...ipout \box \AtBeginShipoutBox 
                                                  \fi \fi 
l.38 
      <./images/reqps-asia.pdf> <./images/latency-na.pdf>]
<images/reqps-na.pdf, id=338, 361.35pt x 216.81pt>
File: images/reqps-na.pdf Graphic file (type pdf)
 <use images/reqps-na.pdf>
Package pdftex.def Info: images/reqps-na.pdf used on input line 41.
(pdftex.def)             Requested size: 361.34912pt x 216.80946pt.

<images/latency-frankfurt.pdf, id=341, 361.35pt x 216.81pt>
File: images/latency-frankfurt.pdf Graphic file (type pdf)

<use images/latency-frankfurt.pdf>
Package pdftex.def Info: images/latency-frankfurt.pdf used on input line 54.
(pdftex.def)             Requested size: 361.34912pt x 216.80946pt.
 [14pdfTeX warning (ext4): destination with the same identifier (name{figure.6}
) has been already used, duplicate ignored

\AtBegShi@Output ...ipout \box \AtBeginShipoutBox 
                                                  \fi \fi 
l.58 
      <./images/reqps-na.pdf>]
<images/reqps-frankfurt.pdf, id=359, 361.35pt x 216.81pt>
File: images/reqps-frankfurt.pdf Graphic file (type pdf)

<use images/reqps-frankfurt.pdf>
Package pdftex.def Info: images/reqps-frankfurt.pdf used on input line 63.
(pdftex.def)             Requested size: 361.34912pt x 216.80946pt.
 [15pdfTeX warning (ext4): destination with the same identifier (name{figure.7}
) has been already used, duplicate ignored

\AtBegShi@Output ...ipout \box \AtBeginShipoutBox 
                                                  \fi \fi 
l.67 
      <./images/latency-frankfurt.pdf>]
<images/latency-local.pdf, id=377, 361.35pt x 216.81pt>
File: images/latency-local.pdf Graphic file (type pdf)

<use images/latency-local.pdf>
Package pdftex.def Info: images/latency-local.pdf used on input line 76.
(pdftex.def)             Requested size: 361.34912pt x 216.80946pt.
 [16pdfTeX warning (ext4): destination with the same identifier (name{figure.8}
) has been already used, duplicate ignored

\AtBegShi@Output ...ipout \box \AtBeginShipoutBox 
                                                  \fi \fi 
l.80 
      <./images/reqps-frankfurt.pdf>]
<images/reqps-local.pdf, id=394, 361.35pt x 216.81pt>
File: images/reqps-local.pdf Graphic file (type pdf)

<use images/reqps-local.pdf>
Package pdftex.def Info: images/reqps-local.pdf used on input line 83.
(pdftex.def)             Requested size: 361.34912pt x 216.80946pt.

Underfull \hbox (badness 10000) in paragraph at lines 88--92

 []

[17pdfTeX warning (ext4): destination with the same identifier (name{figure.9})
 has been already used, duplicate ignored

\AtBegShi@Output ...ipout \box \AtBeginShipoutBox 
                                                  \fi \fi 
l.92 
     pdfTeX warning (ext4): destination with the same identifier (name{figure.1
0}) has been already used, duplicate ignored

\AtBegShi@Output ...ipout \box \AtBeginShipoutBox 
                                                  \fi \fi 
l.92 
      <./images/latency-local.pdf> <./images/reqps-local.pdf>]
<images/latency-localv1vsv2.pdf, id=420, 361.35pt x 216.81pt>
File: images/latency-localv1vsv2.pdf Graphic file (type pdf)

<use images/latency-localv1vsv2.pdf>
Package pdftex.def Info: images/latency-localv1vsv2.pdf used on input line 95.
(pdftex.def)             Requested size: 361.34912pt x 216.80946pt.

<images/reqps-localv1vsv2.pdf, id=422, 361.35pt x 216.81pt>
File: images/reqps-localv1vsv2.pdf Graphic file (type pdf)

<use images/reqps-localv1vsv2.pdf>
Package pdftex.def Info: images/reqps-localv1vsv2.pdf used on input line 102.
(pdftex.def)             Requested size: 361.34912pt x 216.80946pt.
 [18pdfTeX warning (ext4): destination with the same identifier (name{figure.11
}) has been already used, duplicate ignored

\AtBegShi@Output ...ipout \box \AtBeginShipoutBox 
                                                  \fi \fi 
l.106 
       <./images/latency-localv1vsv2.pdf>]
<images/difflatency.pdf, id=443, 361.35pt x 216.81pt>
File: images/difflatency.pdf Graphic file (type pdf)

<use images/difflatency.pdf>
Package pdftex.def Info: images/difflatency.pdf used on input line 115.
(pdftex.def)             Requested size: 361.34912pt x 216.80946pt.
 [19pdfTeX warning (ext4): destination with the same identifier (name{figure.12
}) has been already used, duplicate ignored

\AtBegShi@Output ...ipout \box \AtBeginShipoutBox 
                                                  \fi \fi 
l.119 
       <./images/reqps-localv1vsv2.pdf>]) (./sections/results/server_util.tex
<images/cpu.png, id=460, 599.23875pt x 173.64874pt>
File: images/cpu.png Graphic file (type png)
 <use images/cpu.png>
Package pdftex.def Info: images/cpu.png used on input line 8.
(pdftex.def)             Requested size: 359.54602pt x 104.19005pt.

[20pdfTeX warning (ext4): destination with the same identifier (name{figure.13}
) has been already used, duplicate ignored

\AtBegShi@Output ...ipout \box \AtBeginShipoutBox 
                                                  \fi \fi 
l.14 
     pdfTeX warning (ext4): destination with the same identifier (name{figure.1
4}) has been already used, duplicate ignored

\AtBegShi@Output ...ipout \box \AtBeginShipoutBox 
                                                  \fi \fi 
l.14 
      <./images/difflatency.pdf> <./images/cpu.png>]
<images/network.png, id=487, 599.23875pt x 215.80624pt>
File: images/network.png Graphic file (type png)

<use images/network.png>
Package pdftex.def Info: images/network.png used on input line 17.
(pdftex.def)             Requested size: 359.54602pt x 129.48474pt.

<images/sockets.png, id=490, 599.23875pt x 187.70125pt>
File: images/sockets.png Graphic file (type png)

<use images/sockets.png>
Package pdftex.def Info: images/sockets.png used on input line 26.
(pdftex.def)             Requested size: 359.54602pt x 112.62161pt.
) [21pdfTeX warning (ext4): destination with the same identifier (name{figure.1
5}) has been already used, duplicate ignored

\AtBegShi@Output ...ipout \box \AtBeginShipoutBox 
                                                  \fi \fi 
l.48 \newpage
             pdfTeX warning (ext4): destination with the same identifier (name{
figure.16}) has been already used, duplicate ignored

\AtBegShi@Output ...ipout \box \AtBeginShipoutBox 
                                                  \fi \fi 
l.48 \newpage
              <./images/network.png> <./images/sockets.png>]
(./sections/conclusions.tex) [22] (./sections/furtherwork.tex) [23]
Underfull \hbox (badness 3724) in paragraph at lines 58--64
\OT1/cmr/m/n/10 Mes-sage Syn-tax and Rout-ing", RFC 7230, June 2014, Avail-able
 at:http://www.rfc-
 []


Underfull \hbox (badness 6094) in paragraph at lines 58--64
\OT1/cmr/m/n/10 RFC7231 Field-ing, R., Ed., and J. Reschke, Ed., "Hy-per-text T
rans-fer Pro-to-col
 []


Underfull \hbox (badness 6094) in paragraph at lines 58--64
\OT1/cmr/m/n/10 RFC7232 Field-ing, R., Ed., and J. Reschke, Ed., "Hy-per-text T
rans-fer Pro-to-col
 []


Underfull \hbox (badness 2617) in paragraph at lines 65--67
[]\OT1/cmr/m/n/10 Hypertext Trans-fer Pro-to-col ver-sion 2 (draft-ietf-httpbis
-http2-17) (2015). M. Belshe,
 []


Underfull \hbox (badness 10000) in paragraph at lines 70--71
[]\OT1/cmr/m/n/10 A 2x Faster Web. (2009). [on-line] Chromium Blog. Avail-able 
at:
 []

Missing character: There is no Â in font cmr10!
Missing character: There is no » in font cmr10!
Missing character: There is no Â in font cmr10!
Missing character: There is no » in font cmr10!
Missing character: There is no â in font cmr10!
Missing character: There is no € in font cmr10!
Missing character: There is no ™ in font cmr10!

Underfull \hbox (badness 3977) in paragraph at lines 76--78
[]\OT1/cmr/m/n/10 Wang et al. (2014). How Speedy is SPDY?, 11th USENIX Sym-po-s
ium on Net-
 []


Underfull \hbox (badness 2644) in paragraph at lines 76--78
\OT1/cmr/m/n/10 worked Sys-tems De-sign and Im-ple-men-ta-tion (NSDI 14). [on-l
ine] usenix.org. Avail-able
 []


Underfull \hbox (badness 10000) in paragraph at lines 78--79
[]\OT1/cmr/m/n/10 Amazon Elas-tic Com-pute Cloud (Ama-zon EC2) (2015). Avail-ab
le at:
 []

[24]
Underfull \hbox (badness 10000) in paragraph at lines 79--80
[]\OT1/cmr/m/n/10 Firefox Beta Notes (2015). Avail-able at: https://www.mozilla
.org/en-
 []


Underfull \hbox (badness 1533) in paragraph at lines 81--82
[]\OT1/cmr/m/n/10 Hypertext Trans-fer Pro-to-col ver-sion 2 draft-ietf-httpbis-
http2-14 (2014). Avail-able at:
 []


Overfull \hbox (36.1909pt too wide) in paragraph at lines 82--83
[]\OT1/cmr/m/n/10 HTTP/2 ex-per-i-men-tal server (2015). Avail-able at: https:/
/nghttp2.org/documentation/nghttpd.1.html
 []


Underfull \hbox (badness 10000) in paragraph at lines 84--85
[]\OT1/cmr/m/n/10 Benchmarking tool for HTTP/2 and SPDY server (2015). Avail-ab
le at:
 []


Underfull \hbox (badness 10000) in paragraph at lines 85--86
[]\OT1/cmr/m/n/10 Apache HTTP server bench-mark-ing tool (2015). Avail-able at
 []


Underfull \hbox (badness 10000) in paragraph at lines 86--87
[]\OT1/cmr/m/n/10 Httparchive.org, (2015). HTTP Archive - Trends. [on-line] Ava
il-able at:
 []


Underfull \hbox (badness 10000) in paragraph at lines 87--88
[]\OT1/cmr/m/n/10 amazon.com, (2015). Ama-zon - T2 In-stances. [on-line] Avail-
able at:
 []


Underfull \hbox (badness 10000) in paragraph at lines 87--88
\OT1/cmr/m/n/10 http://docs.aws.amazon.com/AWSEC2/latest/UserGuide/t2-instances
.html [Ac-cessed 11
 []


Underfull \hbox (badness 10000) in paragraph at lines 88--89
[]\OT1/cmr/m/n/10 nghttp2.org, nghttpx HTTP/1.1 HTTP/2 re-verse proxy. [on-line
] Avail-able at:
 []

Package atveryend Info: Empty hook `BeforeClearDocument' on input line 94.
[25]
Package atveryend Info: Empty hook `AfterLastShipout' on input line 94.
 (./paper.aux)
Package atveryend Info: Executing hook `AtVeryEndDocument' on input line 94.
Package atveryend Info: Executing hook `AtEndAfterFileList' on input line 94.
Package rerunfilecheck Info: File `paper.out' has not changed.
(rerunfilecheck)             Checksum: E2B8F0875D2BECCA0E09C5306E42813D;2005.
Package atveryend Info: Empty hook `AtVeryVeryEnd' on input line 94.
 ) 
Here is how much of TeX's memory you used:
 8758 strings out of 493315
 129489 string characters out of 6137904
 234907 words of memory out of 5000000
 11958 multiletter control sequences out of 15000+600000
 10027 words of font info for 36 fonts, out of 8000000 for 9000
 957 hyphenation exceptions out of 8191
 29i,8n,32p,1259b,451s stack positions out of 5000i,500n,10000p,200000b,80000s
</usr/local/texlive/2013/texmf-dist/fonts/type1/public/amsfonts/cm/cmbx10.pfb
></usr/local/texlive/2013/texmf-dist/fonts/type1/public/amsfonts/cm/cmbx12.pfb>
</usr/local/texlive/2013/texmf-dist/fonts/type1/public/amsfonts/cm/cmbxti10.pfb
></usr/local/texlive/2013/texmf-dist/fonts/type1/public/amsfonts/cm/cmmi10.pfb>
</usr/local/texlive/2013/texmf-dist/fonts/type1/public/amsfonts/cm/cmr10.pfb></
usr/local/texlive/2013/texmf-dist/fonts/type1/public/amsfonts/cm/cmr12.pfb></us
r/local/texlive/2013/texmf-dist/fonts/type1/public/amsfonts/cm/cmr17.pfb></usr/
local/texlive/2013/texmf-dist/fonts/type1/public/amsfonts/cm/cmsy10.pfb></usr/l
ocal/texlive/2013/texmf-dist/fonts/type1/public/amsfonts/cm/cmti10.pfb>
Output written on paper.pdf (26 pages, 462754 bytes).
PDF statistics:
 577 PDF objects out of 1000 (max. 8388607)
 470 compressed objects within 5 object streams
 100 named destinations out of 1000 (max. 500000)
 422 words of extra memory for PDF output out of 10000 (max. 10000000)

